{
"contracts/SimpleStorage.sol":{"l":{"21":1,"25":2,"29":0,"30":0},"path":"/home/fe/folder/hh-fcc/hardhat-simple-storage-fcc/contracts/SimpleStorage.sol","s":{"1":2,"2":0},"b":{},"f":{"1":1,"2":2,"3":0},"fnMap":{"1":{"name":"store","line":20,"loc":{"start":{"line":20,"column":4},"end":{"line":22,"column":4}}},"2":{"name":"retrieve","line":24,"loc":{"start":{"line":24,"column":4},"end":{"line":26,"column":4}}},"3":{"name":"addPerson","line":28,"loc":{"start":{"line":28,"column":4},"end":{"line":31,"column":4}}}},"statementMap":{"1":{"start":{"line":25,"column":8},"end":{"line":25,"column":29}},"2":{"start":{"line":29,"column":8},"end":{"line":29,"column":51}}},"branchMap":{}}}
